<?xml version="1.0" encoding="UTF-8"?>
<testsuite name="org.example.CarTest" tests="2" skipped="0" failures="0" errors="0" timestamp="2024-12-30T18:27:56" hostname="hp-laptop-15-gw0xxx" time="0.003">
  <properties/>
  <testcase name="testCalculateRentalCostWithAirConditioning()" classname="org.example.CarTest" time="0.001"/>
  <testcase name="testCalculateRentalCostWithoutAirConditioning()" classname="org.example.CarTest" time="0.001"/>
  <system-out><![CDATA[]]></system-out>
  <system-err><![CDATA[]]></system-err>
</testsuite>
